# JRE version: Java(TM) SE Runtime Environment (8.0_171-b11) (build 1.8.0_171-b11)
# Java VM: Java HotSpot(TM) Client VM (25.171-b11 mixed mode windows-x86 )
Heap:
 def new generation   total 39424K, used 6090K [0x04000000, 0x06ac0000, 0x0eaa0000)
  eden space 35072K,  17% used [0x04000000, 0x045f1ea0, 0x06240000)
  from space 4352K,   0% used [0x06680000, 0x066809c8, 0x06ac0000)
  to   space 4352K,   0% used [0x06240000, 0x06240000, 0x06680000)
 tenured generation   total 87424K, used 69721K [0x0eaa0000, 0x14000000, 0x24000000)
   the space 87424K,  79% used [0x0eaa0000, 0x12eb6648, 0x12eb6800, 0x14000000)
 Metaspace       used 19287K, capacity 19901K, committed 19968K, reserved 20864K
GC Heap History (10 events):
Event: 2359.115 GC heap before
{Heap before GC invocations=421 (full 1):
 def new generation   total 39424K, used 35074K [0x04000000, 0x06ac0000, 0x0eaa0000)
  eden space 35072K, 100% used [0x04000000, 0x06240000, 0x06240000)
  from space 4352K,   0% used [0x06240000, 0x062409b0, 0x06680000)
  to   space 4352K,   0% used [0x06680000, 0x06680000, 0x06ac0000)
 tenured generation   total 87424K, used 69721K [0x0eaa0000, 0x14000000, 0x24000000)
   the space 87424K,  79% used [0x0eaa0000, 0x12eb6648, 0x12eb6800, 0x14000000)
 Metaspace       used 19281K, capacity 19869K, committed 19968K, reserved 20864K
Event: 2359.117 GC heap after
Heap after GC invocations=422 (full 1):
 def new generation   total 39424K, used 2K [0x04000000, 0x06ac0000, 0x0eaa0000)
  eden space 35072K,   0% used [0x04000000, 0x04000000, 0x06240000)
  from space 4352K,   0% used [0x06680000, 0x06680a00, 0x06ac0000)
  to   space 4352K,   0% used [0x06240000, 0x06240000, 0x06680000)
 tenured generation   total 87424K, used 69721K [0x0eaa0000, 0x14000000, 0x24000000)
   the space 87424K,  79% used [0x0eaa0000, 0x12eb6648, 0x12eb6800, 0x14000000)
 Metaspace       used 19281K, capacity 19869K, committed 19968K, reserved 20864K
}
Event: 2364.504 GC heap before
{Heap before GC invocations=422 (full 1):
 def new generation   total 39424K, used 35074K [0x04000000, 0x06ac0000, 0x0eaa0000)
  eden space 35072K, 100% used [0x04000000, 0x06240000, 0x06240000)
  from space 4352K,   0% used [0x06680000, 0x06680a00, 0x06ac0000)
  to   space 4352K,   0% used [0x06240000, 0x06240000, 0x06680000)
 tenured generation   total 87424K, used 69721K [0x0eaa0000, 0x14000000, 0x24000000)
   the space 87424K,  79% used [0x0eaa0000, 0x12eb6648, 0x12eb6800, 0x14000000)
 Metaspace       used 19281K, capacity 19869K, committed 19968K, reserved 20864K
Event: 2364.505 GC heap after
Heap after GC invocations=423 (full 1):
 def new generation   total 39424K, used 2K [0x04000000, 0x06ac0000, 0x0eaa0000)
  eden space 35072K,   0% used [0x04000000, 0x04000000, 0x06240000)
  from space 4352K,   0% used [0x06240000, 0x06240918, 0x06680000)
  to   space 4352K,   0% used [0x06680000, 0x06680000, 0x06ac0000)
 tenured generation   total 87424K, used 69721K [0x0eaa0000, 0x14000000, 0x24000000)
   the space 87424K,  79% used [0x0eaa0000, 0x12eb6648, 0x12eb6800, 0x14000000)
 Metaspace       used 19281K, capacity 19869K, committed 19968K, reserved 20864K
}
Event: 2369.942 GC heap before
{Heap before GC invocations=423 (full 1):
 def new generation   total 39424K, used 35074K [0x04000000, 0x06ac0000, 0x0eaa0000)
  eden space 35072K, 100% used [0x04000000, 0x06240000, 0x06240000)
  from space 4352K,   0% used [0x06240000, 0x06240918, 0x06680000)
  to   space 4352K,   0% used [0x06680000, 0x06680000, 0x06ac0000)
 tenured generation   total 87424K, used 69721K [0x0eaa0000, 0x14000000, 0x24000000)
   the space 87424K,  79% used [0x0eaa0000, 0x12eb6648, 0x12eb6800, 0x14000000)
 Metaspace       used 19281K, capacity 19869K, committed 19968K, reserved 20864K
Event: 2369.943 GC heap after
Heap after GC invocations=424 (full 1):
 def new generation   total 39424K, used 2K [0x04000000, 0x06ac0000, 0x0eaa0000)
  eden space 35072K,   0% used [0x04000000, 0x04000000, 0x06240000)
  from space 4352K,   0% used [0x06680000, 0x066809c8, 0x06ac0000)
  to   space 4352K,   0% used [0x06240000, 0x06240000, 0x06680000)
 tenured generation   total 87424K, used 69721K [0x0eaa0000, 0x14000000, 0x24000000)
   the space 87424K,  79% used [0x0eaa0000, 0x12eb6648, 0x12eb6800, 0x14000000)
 Metaspace       used 19281K, capacity 19869K, committed 19968K, reserved 20864K
}
Event: 2375.333 GC heap before
{Heap before GC invocations=424 (full 1):
 def new generation   total 39424K, used 35074K [0x04000000, 0x06ac0000, 0x0eaa0000)
  eden space 35072K, 100% used [0x04000000, 0x06240000, 0x06240000)
  from space 4352K,   0% used [0x06680000, 0x066809c8, 0x06ac0000)
  to   space 4352K,   0% used [0x06240000, 0x06240000, 0x06680000)
 tenured generation   total 87424K, used 69721K [0x0eaa0000, 0x14000000, 0x24000000)
   the space 87424K,  79% used [0x0eaa0000, 0x12eb6648, 0x12eb6800, 0x14000000)
 Metaspace       used 19281K, capacity 19869K, committed 19968K, reserved 20864K
Event: 2375.335 GC heap after
Heap after GC invocations=425 (full 1):
 def new generation   total 39424K, used 2K [0x04000000, 0x06ac0000, 0x0eaa0000)
  eden space 35072K,   0% used [0x04000000, 0x04000000, 0x06240000)
  from space 4352K,   0% used [0x06240000, 0x062409c8, 0x06680000)
  to   space 4352K,   0% used [0x06680000, 0x06680000, 0x06ac0000)
 tenured generation   total 87424K, used 69721K [0x0eaa0000, 0x14000000, 0x24000000)
   the space 87424K,  79% used [0x0eaa0000, 0x12eb6648, 0x12eb6800, 0x14000000)
 Metaspace       used 19281K, capacity 19869K, committed 19968K, reserved 20864K
}
Event: 2380.863 GC heap before
{Heap before GC invocations=425 (full 1):
 def new generation   total 39424K, used 35074K [0x04000000, 0x06ac0000, 0x0eaa0000)
  eden space 35072K, 100% used [0x04000000, 0x06240000, 0x06240000)
  from space 4352K,   0% used [0x06240000, 0x062409c8, 0x06680000)
  to   space 4352K,   0% used [0x06680000, 0x06680000, 0x06ac0000)
 tenured generation   total 87424K, used 69721K [0x0eaa0000, 0x14000000, 0x24000000)
   the space 87424K,  79% used [0x0eaa0000, 0x12eb6648, 0x12eb6800, 0x14000000)
 Metaspace       used 19281K, capacity 19869K, committed 19968K, reserved 20864K
Event: 2380.865 GC heap after
Heap after GC invocations=426 (full 1):
 def new generation   total 39424K, used 2K [0x04000000, 0x06ac0000, 0x0eaa0000)
  eden space 35072K,   0% used [0x04000000, 0x04000000, 0x06240000)
  from space 4352K,   0% used [0x06680000, 0x066809c8, 0x06ac0000)
  to   space 4352K,   0% used [0x06240000, 0x06240000, 0x06680000)
 tenured generation   total 87424K, used 69721K [0x0eaa0000, 0x14000000, 0x24000000)
   the space 87424K,  79% used [0x0eaa0000, 0x12eb6648, 0x12eb6800, 0x14000000)
 Metaspace       used 19281K, capacity 19869K, committed 19968K, reserved 20864K
}

